# JRE version: Java(TM) SE Runtime Environment (8.0_101-b13) (build 1.8.0_101-b13)
# Java VM: Java HotSpot(TM) 64-Bit Server VM (25.101-b13 mixed mode linux-amd64 compressed oops)
Heap:
 PSYoungGen      total 193536K, used 1548K [0x00000000d6d00000, 0x00000000e3a80000, 0x0000000100000000)
  eden space 181248K, 0% used [0x00000000d6d00000,0x00000000d6e83310,0x00000000e1e00000)
  from space 12288K, 0% used [0x00000000e2e80000,0x00000000e2e80000,0x00000000e3a80000)
  to   space 14336K, 0% used [0x00000000e1e80000,0x00000000e1e80000,0x00000000e2c80000)
 ParOldGen       total 101888K, used 19916K [0x0000000084600000, 0x000000008a980000, 0x00000000d6d00000)
  object space 101888K, 19% used [0x0000000084600000,0x0000000085973118,0x000000008a980000)
 Metaspace       used 34909K, capacity 35276K, committed 35752K, reserved 1081344K
  class space    used 4412K, capacity 4546K, committed 4608K, reserved 1048576K
GC Heap History (10 events):
Event: 3,183 GC heap before
{Heap before GC invocations=6 (full 0):
 PSYoungGen      total 68608K, used 35730K [0x00000000d6d00000, 0x00000000e0200000, 0x0000000100000000)
  eden space 63488K, 48% used [0x00000000d6d00000,0x00000000d8aebfd8,0x00000000dab00000)
  from space 5120K, 99% used [0x00000000dab00000,0x00000000daff8920,0x00000000db000000)
  to   space 12800K, 0% used [0x00000000df580000,0x00000000df580000,0x00000000e0200000)
 ParOldGen       total 84992K, used 16091K [0x0000000084600000, 0x0000000089900000, 0x00000000d6d00000)
  object space 84992K, 18% used [0x0000000084600000,0x00000000855b6f10,0x0000000089900000)
 Metaspace       used 20951K, capacity 21202K, committed 21296K, reserved 1069056K
  class space    used 2581K, capacity 2666K, committed 2688K, reserved 1048576K
Event: 3,207 GC heap after
Heap after GC invocations=6 (full 0):
 PSYoungGen      total 137728K, used 8127K [0x00000000d6d00000, 0x00000000e0000000, 0x0000000100000000)
  eden space 126976K, 0% used [0x00000000d6d00000,0x00000000d6d00000,0x00000000de900000)
  from space 10752K, 75% used [0x00000000df580000,0x00000000dfd6fc68,0x00000000e0000000)
  to   space 11776K, 0% used [0x00000000de900000,0x00000000de900000,0x00000000df480000)
 ParOldGen       total 84992K, used 16099K [0x0000000084600000, 0x0000000089900000, 0x00000000d6d00000)
  object space 84992K, 18% used [0x0000000084600000,0x00000000855b8f10,0x0000000089900000)
 Metaspace       used 20951K, capacity 21202K, committed 21296K, reserved 1069056K
  class space    used 2581K, capacity 2666K, committed 2688K, reserved 1048576K
}
Event: 3,207 GC heap before
{Heap before GC invocations=7 (full 1):
 PSYoungGen      total 137728K, used 8127K [0x00000000d6d00000, 0x00000000e0000000, 0x0000000100000000)
  eden space 126976K, 0% used [0x00000000d6d00000,0x00000000d6d00000,0x00000000de900000)
  from space 10752K, 75% used [0x00000000df580000,0x00000000dfd6fc68,0x00000000e0000000)
  to   space 11776K, 0% used [0x00000000de900000,0x00000000de900000,0x00000000df480000)
 ParOldGen       total 84992K, used 16099K [0x0000000084600000, 0x0000000089900000, 0x00000000d6d00000)
  object space 84992K, 18% used [0x0000000084600000,0x00000000855b8f10,0x0000000089900000)
 Metaspace       used 20951K, capacity 21202K, committed 21296K, reserved 1069056K
  class space    used 2581K, capacity 2666K, committed 2688K, reserved 1048576K
Event: 3,338 GC heap after
Heap after GC invocations=7 (full 1):
 PSYoungGen      total 137728K, used 0K [0x00000000d6d00000, 0x00000000e0000000, 0x0000000100000000)
  eden space 126976K, 0% used [0x00000000d6d00000,0x00000000d6d00000,0x00000000de900000)
  from space 10752K, 0% used [0x00000000df580000,0x00000000df580000,0x00000000e0000000)
  to   space 11776K, 0% used [0x00000000de900000,0x00000000de900000,0x00000000df480000)
 ParOldGen       total 68096K, used 12183K [0x0000000084600000, 0x0000000088880000, 0x00000000d6d00000)
  object space 68096K, 17% used [0x0000000084600000,0x00000000851e5fa8,0x0000000088880000)
 Metaspace       used 20951K, capacity 21202K, committed 21296K, reserved 1069056K
  class space    used 2581K, capacity 2666K, committed 2688K, reserved 1048576K
}
Event: 5,247 GC heap before
{Heap before GC invocations=8 (full 1):
 PSYoungGen      total 137728K, used 126976K [0x00000000d6d00000, 0x00000000e0000000, 0x0000000100000000)
  eden space 126976K, 100% used [0x00000000d6d00000,0x00000000de900000,0x00000000de900000)
  from space 10752K, 0% used [0x00000000df580000,0x00000000df580000,0x00000000e0000000)
  to   space 11776K, 0% used [0x00000000de900000,0x00000000de900000,0x00000000df480000)
 ParOldGen       total 68096K, used 12183K [0x0000000084600000, 0x0000000088880000, 0x00000000d6d00000)
  object space 68096K, 17% used [0x0000000084600000,0x00000000851e5fa8,0x0000000088880000)
 Metaspace       used 29696K, capacity 30016K, committed 30336K, reserved 1075200K
  class space    used 3768K, capacity 3863K, committed 3968K, reserved 1048576K
Event: 5,272 GC heap after
Heap after GC invocations=8 (full 1):
 PSYoungGen      total 138752K, used 11769K [0x00000000d6d00000, 0x00000000e3b80000, 0x0000000100000000)
  eden space 126976K, 0% used [0x00000000d6d00000,0x00000000d6d00000,0x00000000de900000)
  from space 11776K, 99% used [0x00000000de900000,0x00000000df47e4b0,0x00000000df480000)
  to   space 13312K, 0% used [0x00000000e2e80000,0x00000000e2e80000,0x00000000e3b80000)
 ParOldGen       total 68096K, used 12580K [0x0000000084600000, 0x0000000088880000, 0x00000000d6d00000)
  object space 68096K, 18% used [0x0000000084600000,0x0000000085249038,0x0000000088880000)
 Metaspace       used 29696K, capacity 30016K, committed 30336K, reserved 1075200K
  class space    used 3768K, capacity 3863K, committed 3968K, reserved 1048576K
}
Event: 6,894 GC heap before
{Heap before GC invocations=9 (full 1):
 PSYoungGen      total 138752K, used 103314K [0x00000000d6d00000, 0x00000000e3b80000, 0x0000000100000000)
  eden space 126976K, 72% used [0x00000000d6d00000,0x00000000dc666440,0x00000000de900000)
  from space 11776K, 99% used [0x00000000de900000,0x00000000df47e4b0,0x00000000df480000)
  to   space 13312K, 0% used [0x00000000e2e80000,0x00000000e2e80000,0x00000000e3b80000)
 ParOldGen       total 68096K, used 12580K [0x0000000084600000, 0x0000000088880000, 0x00000000d6d00000)
  object space 68096K, 18% used [0x0000000084600000,0x0000000085249038,0x0000000088880000)
 Metaspace       used 34904K, capacity 35212K, committed 35496K, reserved 1081344K
  class space    used 4411K, capacity 4546K, committed 4608K, reserved 1048576K
Event: 6,926 GC heap after
Heap after GC invocations=9 (full 1):
 PSYoungGen      total 193536K, used 11971K [0x00000000d6d00000, 0x00000000e3a80000, 0x0000000100000000)
  eden space 181248K, 0% used [0x00000000d6d00000,0x00000000d6d00000,0x00000000e1e00000)
  from space 12288K, 97% used [0x00000000e2e80000,0x00000000e3a30de0,0x00000000e3a80000)
  to   space 14336K, 0% used [0x00000000e1e80000,0x00000000e1e80000,0x00000000e2c80000)
 ParOldGen       total 68096K, used 12588K [0x0000000084600000, 0x0000000088880000, 0x00000000d6d00000)
  object space 68096K, 18% used [0x0000000084600000,0x000000008524b038,0x0000000088880000)
 Metaspace       used 34904K, capacity 35212K, committed 35496K, reserved 1081344K
  class space    used 4411K, capacity 4546K, committed 4608K, reserved 1048576K
}
Event: 6,926 GC heap before
{Heap before GC invocations=10 (full 2):
 PSYoungGen      total 193536K, used 11971K [0x00000000d6d00000, 0x00000000e3a80000, 0x0000000100000000)
  eden space 181248K, 0% used [0x00000000d6d00000,0x00000000d6d00000,0x00000000e1e00000)
  from space 12288K, 97% used [0x00000000e2e80000,0x00000000e3a30de0,0x00000000e3a80000)
  to   space 14336K, 0% used [0x00000000e1e80000,0x00000000e1e80000,0x00000000e2c80000)
 ParOldGen       total 68096K, used 12588K [0x0000000084600000, 0x0000000088880000, 0x00000000d6d00000)
  object space 68096K, 18% used [0x0000000084600000,0x000000008524b038,0x0000000088880000)
 Metaspace       used 34904K, capacity 35212K, committed 35496K, reserved 1081344K
  class space    used 4411K, capacity 4546K, committed 4608K, reserved 1048576K
Event: 7,043 GC heap after
Heap after GC invocations=10 (full 2):
 PSYoungGen      total 193536K, used 0K [0x00000000d6d00000, 0x00000000e3a80000, 0x0000000100000000)
  eden space 181248K, 0% used [0x00000000d6d00000,0x00000000d6d00000,0x00000000e1e00000)
  from space 12288K, 0% used [0x00000000e2e80000,0x00000000e2e80000,0x00000000e3a80000)
  to   space 14336K, 0% used [0x00000000e1e80000,0x00000000e1e80000,0x00000000e2c80000)
 ParOldGen       total 101888K, used 19916K [0x0000000084600000, 0x000000008a980000, 0x00000000d6d00000)
  object space 101888K, 19% used [0x0000000084600000,0x0000000085973118,0x000000008a980000)
 Metaspace       used 34904K, capacity 35212K, committed 35496K, reserved 1081344K
  class space    used 4411K, capacity 4546K, committed 4608K, reserved 1048576K
}

