# JRE version: Java(TM) SE Runtime Environment (8.0_101-b13) (build 1.8.0_101-b13)
# Java VM: Java HotSpot(TM) 64-Bit Server VM (25.101-b13 mixed mode linux-amd64 compressed oops)
Heap:
 PSYoungGen      total 189952K, used 11764K [0x00000000d6d00000, 0x00000000e3c80000, 0x0000000100000000)
  eden space 177664K, 6% used [0x00000000d6d00000,0x00000000d787d3e8,0x00000000e1a80000)
  from space 12288K, 0% used [0x00000000e3080000,0x00000000e3080000,0x00000000e3c80000)
  to   space 14336K, 0% used [0x00000000e2080000,0x00000000e2080000,0x00000000e2e80000)
 ParOldGen       total 95232K, used 19785K [0x0000000084600000, 0x000000008a300000, 0x00000000d6d00000)
  object space 95232K, 20% used [0x0000000084600000,0x00000000859527b0,0x000000008a300000)
 Metaspace       used 35347K, capacity 35692K, committed 36264K, reserved 1081344K
  class space    used 4460K, capacity 4578K, committed 4608K, reserved 1048576K
GC Heap History (10 events):
Event: 2,974 GC heap before
{Heap before GC invocations=6 (full 0):
 PSYoungGen      total 68608K, used 39602K [0x00000000d6d00000, 0x00000000e0100000, 0x0000000100000000)
  eden space 63488K, 54% used [0x00000000d6d00000,0x00000000d8eb0920,0x00000000dab00000)
  from space 5120K, 99% used [0x00000000dab00000,0x00000000daffc030,0x00000000db000000)
  to   space 12288K, 0% used [0x00000000df500000,0x00000000df500000,0x00000000e0100000)
 ParOldGen       total 84992K, used 15585K [0x0000000084600000, 0x0000000089900000, 0x00000000d6d00000)
  object space 84992K, 18% used [0x0000000084600000,0x0000000085538780,0x0000000089900000)
 Metaspace       used 20884K, capacity 21106K, committed 21296K, reserved 1069056K
  class space    used 2571K, capacity 2634K, committed 2688K, reserved 1048576K
Event: 2,991 GC heap after
Heap after GC invocations=6 (full 0):
 PSYoungGen      total 138240K, used 8734K [0x00000000d6d00000, 0x00000000e0000000, 0x0000000100000000)
  eden space 126976K, 0% used [0x00000000d6d00000,0x00000000d6d00000,0x00000000de900000)
  from space 11264K, 77% used [0x00000000df500000,0x00000000dfd87b70,0x00000000e0000000)
  to   space 11776K, 0% used [0x00000000de900000,0x00000000de900000,0x00000000df480000)
 ParOldGen       total 84992K, used 15593K [0x0000000084600000, 0x0000000089900000, 0x00000000d6d00000)
  object space 84992K, 18% used [0x0000000084600000,0x000000008553a780,0x0000000089900000)
 Metaspace       used 20884K, capacity 21106K, committed 21296K, reserved 1069056K
  class space    used 2571K, capacity 2634K, committed 2688K, reserved 1048576K
}
Event: 2,991 GC heap before
{Heap before GC invocations=7 (full 1):
 PSYoungGen      total 138240K, used 8734K [0x00000000d6d00000, 0x00000000e0000000, 0x0000000100000000)
  eden space 126976K, 0% used [0x00000000d6d00000,0x00000000d6d00000,0x00000000de900000)
  from space 11264K, 77% used [0x00000000df500000,0x00000000dfd87b70,0x00000000e0000000)
  to   space 11776K, 0% used [0x00000000de900000,0x00000000de900000,0x00000000df480000)
 ParOldGen       total 84992K, used 15593K [0x0000000084600000, 0x0000000089900000, 0x00000000d6d00000)
  object space 84992K, 18% used [0x0000000084600000,0x000000008553a780,0x0000000089900000)
 Metaspace       used 20884K, capacity 21106K, committed 21296K, reserved 1069056K
  class space    used 2571K, capacity 2634K, committed 2688K, reserved 1048576K
Event: 3,070 GC heap after
Heap after GC invocations=7 (full 1):
 PSYoungGen      total 138240K, used 0K [0x00000000d6d00000, 0x00000000e0000000, 0x0000000100000000)
  eden space 126976K, 0% used [0x00000000d6d00000,0x00000000d6d00000,0x00000000de900000)
  from space 11264K, 0% used [0x00000000df500000,0x00000000df500000,0x00000000e0000000)
  to   space 11776K, 0% used [0x00000000de900000,0x00000000de900000,0x00000000df480000)
 ParOldGen       total 71168K, used 16319K [0x0000000084600000, 0x0000000088b80000, 0x00000000d6d00000)
  object space 71168K, 22% used [0x0000000084600000,0x00000000855eff28,0x0000000088b80000)
 Metaspace       used 20884K, capacity 21106K, committed 21296K, reserved 1069056K
  class space    used 2571K, capacity 2634K, committed 2688K, reserved 1048576K
}
Event: 5,613 GC heap before
{Heap before GC invocations=8 (full 1):
 PSYoungGen      total 138240K, used 126976K [0x00000000d6d00000, 0x00000000e0000000, 0x0000000100000000)
  eden space 126976K, 100% used [0x00000000d6d00000,0x00000000de900000,0x00000000de900000)
  from space 11264K, 0% used [0x00000000df500000,0x00000000df500000,0x00000000e0000000)
  to   space 11776K, 0% used [0x00000000de900000,0x00000000de900000,0x00000000df480000)
 ParOldGen       total 71168K, used 16319K [0x0000000084600000, 0x0000000088b80000, 0x00000000d6d00000)
  object space 71168K, 22% used [0x0000000084600000,0x00000000855eff28,0x0000000088b80000)
 Metaspace       used 29828K, capacity 30176K, committed 30592K, reserved 1075200K
  class space    used 3781K, capacity 3895K, committed 3968K, reserved 1048576K
Event: 5,638 GC heap after
Heap after GC invocations=8 (full 1):
 PSYoungGen      total 138752K, used 11759K [0x00000000d6d00000, 0x00000000e3d80000, 0x0000000100000000)
  eden space 126976K, 0% used [0x00000000d6d00000,0x00000000d6d00000,0x00000000de900000)
  from space 11776K, 99% used [0x00000000de900000,0x00000000df47bf40,0x00000000df480000)
  to   space 13312K, 0% used [0x00000000e3080000,0x00000000e3080000,0x00000000e3d80000)
 ParOldGen       total 71168K, used 16774K [0x0000000084600000, 0x0000000088b80000, 0x00000000d6d00000)
  object space 71168K, 23% used [0x0000000084600000,0x0000000085661818,0x0000000088b80000)
 Metaspace       used 29828K, capacity 30176K, committed 30592K, reserved 1075200K
  class space    used 3781K, capacity 3895K, committed 3968K, reserved 1048576K
}
Event: 219,484 GC heap before
{Heap before GC invocations=9 (full 1):
 PSYoungGen      total 138752K, used 108935K [0x00000000d6d00000, 0x00000000e3d80000, 0x0000000100000000)
  eden space 126976K, 76% used [0x00000000d6d00000,0x00000000dcbe5e58,0x00000000de900000)
  from space 11776K, 99% used [0x00000000de900000,0x00000000df47bf40,0x00000000df480000)
  to   space 13312K, 0% used [0x00000000e3080000,0x00000000e3080000,0x00000000e3d80000)
 ParOldGen       total 71168K, used 16774K [0x0000000084600000, 0x0000000088b80000, 0x00000000d6d00000)
  object space 71168K, 23% used [0x0000000084600000,0x0000000085661818,0x0000000088b80000)
 Metaspace       used 34764K, capacity 35052K, committed 35496K, reserved 1081344K
  class space    used 4393K, capacity 4514K, committed 4608K, reserved 1048576K
Event: 219,520 GC heap after
Heap after GC invocations=9 (full 1):
 PSYoungGen      total 189952K, used 11785K [0x00000000d6d00000, 0x00000000e3c80000, 0x0000000100000000)
  eden space 177664K, 0% used [0x00000000d6d00000,0x00000000d6d00000,0x00000000e1a80000)
  from space 12288K, 95% used [0x00000000e3080000,0x00000000e3c02478,0x00000000e3c80000)
  to   space 14336K, 0% used [0x00000000e2080000,0x00000000e2080000,0x00000000e2e80000)
 ParOldGen       total 71168K, used 16782K [0x0000000084600000, 0x0000000088b80000, 0x00000000d6d00000)
  object space 71168K, 23% used [0x0000000084600000,0x0000000085663818,0x0000000088b80000)
 Metaspace       used 34764K, capacity 35052K, committed 35496K, reserved 1081344K
  class space    used 4393K, capacity 4514K, committed 4608K, reserved 1048576K
}
Event: 219,520 GC heap before
{Heap before GC invocations=10 (full 2):
 PSYoungGen      total 189952K, used 11785K [0x00000000d6d00000, 0x00000000e3c80000, 0x0000000100000000)
  eden space 177664K, 0% used [0x00000000d6d00000,0x00000000d6d00000,0x00000000e1a80000)
  from space 12288K, 95% used [0x00000000e3080000,0x00000000e3c02478,0x00000000e3c80000)
  to   space 14336K, 0% used [0x00000000e2080000,0x00000000e2080000,0x00000000e2e80000)
 ParOldGen       total 71168K, used 16782K [0x0000000084600000, 0x0000000088b80000, 0x00000000d6d00000)
  object space 71168K, 23% used [0x0000000084600000,0x0000000085663818,0x0000000088b80000)
 Metaspace       used 34764K, capacity 35052K, committed 35496K, reserved 1081344K
  class space    used 4393K, capacity 4514K, committed 4608K, reserved 1048576K
Event: 219,635 GC heap after
Heap after GC invocations=10 (full 2):
 PSYoungGen      total 189952K, used 0K [0x00000000d6d00000, 0x00000000e3c80000, 0x0000000100000000)
  eden space 177664K, 0% used [0x00000000d6d00000,0x00000000d6d00000,0x00000000e1a80000)
  from space 12288K, 0% used [0x00000000e3080000,0x00000000e3080000,0x00000000e3c80000)
  to   space 14336K, 0% used [0x00000000e2080000,0x00000000e2080000,0x00000000e2e80000)
 ParOldGen       total 95232K, used 19785K [0x0000000084600000, 0x000000008a300000, 0x00000000d6d00000)
  object space 95232K, 20% used [0x0000000084600000,0x00000000859527b0,0x000000008a300000)
 Metaspace       used 34764K, capacity 35052K, committed 35496K, reserved 1081344K
  class space    used 4393K, capacity 4514K, committed 4608K, reserved 1048576K
}

